0 info it worked if it ends with ok
1 verbose cli [ '/usr/local/Cellar/node/6.3.1/bin/node',
1 verbose cli   '/usr/local/bin/npm',
1 verbose cli   'install',
1 verbose cli   'express',
1 verbose cli   '--save' ]
2 info using npm@3.10.3
3 info using node@v6.3.1
4 silly loadCurrentTree Starting
5 silly install loadCurrentTree
6 silly install readLocalPackageData
7 silly fetchPackageMetaData express
8 silly fetchNamedPackageData express
9 silly mapToRegistry name express
10 silly mapToRegistry using default registry
11 silly mapToRegistry registry https://registry.npm.taobao.org/
12 silly mapToRegistry data Result {
12 silly mapToRegistry   raw: 'express',
12 silly mapToRegistry   scope: null,
12 silly mapToRegistry   escapedName: 'express',
12 silly mapToRegistry   name: 'express',
12 silly mapToRegistry   rawSpec: '',
12 silly mapToRegistry   spec: 'latest',
12 silly mapToRegistry   type: 'tag' }
13 silly mapToRegistry uri https://registry.npm.taobao.org/express
14 verbose request uri https://registry.npm.taobao.org/express
15 verbose request no auth needed
16 info attempt registry request try #1 at 22:51:21
17 verbose request id a2837860ce967d1e
18 http request GET https://registry.npm.taobao.org/express
19 info retry will retry, error on last attempt: Error: getaddrinfo ENOTFOUND registry.npm.taobao.org registry.npm.taobao.org:443
20 info attempt registry request try #2 at 22:51:32
21 http request GET https://registry.npm.taobao.org/express
22 info retry will retry, error on last attempt: Error: getaddrinfo ENOTFOUND registry.npm.taobao.org registry.npm.taobao.org:443
23 info attempt registry request try #3 at 22:52:32
24 http request GET https://registry.npm.taobao.org/express
25 silly fetchPackageMetaData Error: getaddrinfo ENOTFOUND registry.npm.taobao.org registry.npm.taobao.org:443
25 silly fetchPackageMetaData     at errnoException (dns.js:28:10)
25 silly fetchPackageMetaData     at GetAddrInfoReqWrap.onlookup [as oncomplete] (dns.js:79:26)
25 silly fetchPackageMetaData  error for express { Error: getaddrinfo ENOTFOUND registry.npm.taobao.org registry.npm.taobao.org:443
25 silly fetchPackageMetaData     at errnoException (dns.js:28:10)
25 silly fetchPackageMetaData     at GetAddrInfoReqWrap.onlookup [as oncomplete] (dns.js:79:26)
25 silly fetchPackageMetaData   code: 'ENOTFOUND',
25 silly fetchPackageMetaData   errno: 'ENOTFOUND',
25 silly fetchPackageMetaData   syscall: 'getaddrinfo',
25 silly fetchPackageMetaData   hostname: 'registry.npm.taobao.org',
25 silly fetchPackageMetaData   host: 'registry.npm.taobao.org',
25 silly fetchPackageMetaData   port: 443 }
26 silly rollbackFailedOptional Starting
27 silly rollbackFailedOptional Finishing
28 silly runTopLevelLifecycles Starting
29 silly runTopLevelLifecycles Finishing
30 silly install printInstalled
31 verbose stack Error: getaddrinfo ENOTFOUND registry.npm.taobao.org registry.npm.taobao.org:443
31 verbose stack     at errnoException (dns.js:28:10)
31 verbose stack     at GetAddrInfoReqWrap.onlookup [as oncomplete] (dns.js:79:26)
32 verbose cwd /Users/yuluo/Desktop/webpack-angular
33 error Darwin 15.6.0
34 error argv "/usr/local/Cellar/node/6.3.1/bin/node" "/usr/local/bin/npm" "install" "express" "--save"
35 error node v6.3.1
36 error npm  v3.10.3
37 error code ENOTFOUND
38 error errno ENOTFOUND
39 error syscall getaddrinfo
40 error network getaddrinfo ENOTFOUND registry.npm.taobao.org registry.npm.taobao.org:443
41 error network This is most likely not a problem with npm itself
41 error network and is related to network connectivity.
41 error network In most cases you are behind a proxy or have bad network settings.
41 error network
41 error network If you are behind a proxy, please make sure that the
41 error network 'proxy' config is set properly.  See: 'npm help config'
42 verbose exit [ 1, true ]
